Flow report for top_level_vhd
Mon Dec 03 10:27:38 2012
Quartus II Version 9.1 Build 350 03/24/2010 Service Pack 2 SJ Web Edition


---------------------
; Table of Contents ;
---------------------
  1. Legal Notice
  2. Flow Summary
  3. Flow Settings
  4. Flow Non-Default Global Settings
  5. Flow Elapsed Time
  6. Flow OS Summary
  7. Flow Log



----------------
; Legal Notice ;
----------------
Copyright (C) 1991-2010 Altera Corporation
Your use of Altera Corporation's design tools, logic functions 
and other software and tools, and its AMPP partner logic 
functions, and any output files from any of the foregoing 
(including device programming or simulation files), and any 
associated documentation or information are expressly subject 
to the terms and conditions of the Altera Program License 
Subscription Agreement, Altera MegaCore Function License 
Agreement, or other applicable license agreement, including, 
without limitation, that your use is for the sole purpose of 
programming logic devices manufactured by Altera and sold by 
Altera or its authorized distributors.  Please refer to the 
applicable agreement for further details.



+-----------------------------------------------------------------------------------+
; Flow Summary                                                                      ;
+------------------------------------+----------------------------------------------+
; Flow Status                        ; Successful - Mon Dec 03 10:27:38 2012        ;
; Quartus II Version                 ; 9.1 Build 350 03/24/2010 SP 2 SJ Web Edition ;
; Revision Name                      ; top_level_vhd                                ;
; Top-level Entity Name              ; top_level_vhd                                ;
; Family                             ; Cyclone II                                   ;
; Device                             ; EP2C20F484C7                                 ;
; Timing Models                      ; Final                                        ;
; Met timing requirements            ; Yes                                          ;
; Total logic elements               ; 179 / 18,752 ( < 1 % )                       ;
;     Total combinational functions  ; 178 / 18,752 ( < 1 % )                       ;
;     Dedicated logic registers      ; 90 / 18,752 ( < 1 % )                        ;
; Total registers                    ; 90                                           ;
; Total pins                         ; 79 / 315 ( 25 % )                            ;
; Total virtual pins                 ; 0                                            ;
; Total memory bits                  ; 0 / 239,616 ( 0 % )                          ;
; Embedded Multiplier 9-bit elements ; 0 / 52 ( 0 % )                               ;
; Total PLLs                         ; 0 / 4 ( 0 % )                                ;
+------------------------------------+----------------------------------------------+


+-----------------------------------------+
; Flow Settings                           ;
+-------------------+---------------------+
; Option            ; Setting             ;
+-------------------+---------------------+
; Start date & time ; 12/03/2012 10:27:28 ;
; Main task         ; Compilation         ;
; Revision Name     ; top_level_vhd       ;
+-------------------+---------------------+


+------------------------------------------------------------------------------------------------------------------------------------------------------------------------------------+
; Flow Non-Default Global Settings                                                                                                                                                   ;
+------------------------------------+------------------------------------------------------------------------------------------------+---------------+-------------+----------------+
; Assignment Name                    ; Value                                                                                          ; Default Value ; Entity Name ; Section Id     ;
+------------------------------------+------------------------------------------------------------------------------------------------+---------------+-------------+----------------+
; COMPILER_SIGNATURE_ID              ; 1098919171915.135450524804288                                                                  ; --            ; --          ; --             ;
; MAX_CORE_JUNCTION_TEMP             ; 85                                                                                             ; --            ; --          ; --             ;
; MIN_CORE_JUNCTION_TEMP             ; 0                                                                                              ; --            ; --          ; --             ;
; MISC_FILE                          ; C:/Documents and Settings/LABDASAR ELEKTRONIKA/Desktop/Modul4/display_vhd_de/top_level_vhd.dpf ; --            ; --          ; --             ;
; MISC_FILE                          ; F:/display_vhd_de1_original/top_level_vhd.dpf                                                  ; --            ; --          ; --             ;
; MISC_FILE                          ; C:/Users/Mogin/Desktop/dugem/display_vhd_de1_original/top_level_vhd.dpf                        ; --            ; --          ; --             ;
; NUM_PARALLEL_PROCESSORS            ; All                                                                                            ; --            ; --          ; --             ;
; PARTITION_COLOR                    ; 16764057                                                                                       ; --            ; --          ; Top            ;
; PARTITION_NETLIST_TYPE             ; SOURCE                                                                                         ; --            ; --          ; Top            ;
; USE_GENERATED_PHYSICAL_CONSTRAINTS ; Off                                                                                            ; --            ; --          ; eda_blast_fpga ;
+------------------------------------+------------------------------------------------------------------------------------------------+---------------+-------------+----------------+


+-----------------------------------------------------------------------------------------------------------------------------+
; Flow Elapsed Time                                                                                                           ;
+-------------------------+--------------+-------------------------+---------------------+------------------------------------+
; Module Name             ; Elapsed Time ; Average Processors Used ; Peak Virtual Memory ; Total CPU Time (on all processors) ;
+-------------------------+--------------+-------------------------+---------------------+------------------------------------+
; Analysis & Synthesis    ; 00:00:02     ; 1.0                     ; 239 MB              ; 00:00:03                           ;
; Fitter                  ; 00:00:04     ; 1.0                     ; 250 MB              ; 00:00:05                           ;
; Assembler               ; 00:00:01     ; 1.0                     ; 231 MB              ; 00:00:01                           ;
; Classic Timing Analyzer ; 00:00:00     ; 1.0                     ; 165 MB              ; 00:00:01                           ;
; Total                   ; 00:00:07     ; --                      ; --                  ; 00:00:10                           ;
+-------------------------+--------------+-------------------------+---------------------+------------------------------------+


+------------------------------------------------------------------------------------------+
; Flow OS Summary                                                                          ;
+-------------------------+------------------+---------------+------------+----------------+
; Module Name             ; Machine Hostname ; OS Name       ; OS Version ; Processor type ;
+-------------------------+------------------+---------------+------------+----------------+
; Analysis & Synthesis    ; Mogin-PC         ; Windows Vista ; 6.1        ; x86_64         ;
; Fitter                  ; Mogin-PC         ; Windows Vista ; 6.1        ; x86_64         ;
; Assembler               ; Mogin-PC         ; Windows Vista ; 6.1        ; x86_64         ;
; Classic Timing Analyzer ; Mogin-PC         ; Windows Vista ; 6.1        ; x86_64         ;
+-------------------------+------------------+---------------+------------+----------------+


------------
; Flow Log ;
------------
quartus_map --read_settings_files=on --write_settings_files=off top_level_vhd -c top_level_vhd
quartus_fit --read_settings_files=off --write_settings_files=off top_level_vhd -c top_level_vhd
quartus_asm --read_settings_files=off --write_settings_files=off top_level_vhd -c top_level_vhd
quartus_tan --read_settings_files=off --write_settings_files=off top_level_vhd -c top_level_vhd --timing_analysis_only



